2021-09-09 21:47:18,233 DEBUG console: Deploying context 'frontend' at: /frontend.   [main]
2021-09-09 21:47:18,236 DEBUG console: Deploying context 'root' at: /.   [main]
2021-09-09 21:47:18,236 DEBUG console: Deploying context 'doc' at: /doc.   [main]
2021-09-09 21:47:18,237 DEBUG console: Deploying context 'service' at: /service.   [main]
2021-09-09 21:47:18,237 DEBUG console: Deploying context 'javadoc' at: /javadoc.   [main]
2021-09-09 21:47:18,699 DEBUG console: Will try to load language resources from context path: /service/resources/   [main]
2021-09-09 21:47:18,933 DEBUG console: Languages supported by algorithm 'Bisecting K-Means': Arabic, Armenian, Brazilian, Bulgarian, Croatian, Czech, Danish, Dutch, English, Estonian, Finnish, French, Galician, German, Greek, Hindi, Hungarian, Indonesian, Irish, Italian, Latvian, Lithuanian, Norwegian, Polish, Portuguese, Romanian, Russian, Spanish, Swedish, Thai, Turkish   [main]
2021-09-09 21:47:18,934 DEBUG console: Languages supported by algorithm 'Lingo': Arabic, Armenian, Brazilian, Bulgarian, Croatian, Czech, Danish, Dutch, English, Estonian, Finnish, French, Galician, German, Greek, Hindi, Hungarian, Indonesian, Irish, Italian, Latvian, Lithuanian, Norwegian, Polish, Portuguese, Romanian, Russian, Spanish, Swedish, Thai, Turkish   [main]
2021-09-09 21:47:18,934 DEBUG console: Languages supported by algorithm 'STC': Arabic, Armenian, Brazilian, Bulgarian, Croatian, Czech, Danish, Dutch, English, Estonian, Finnish, French, Galician, German, Greek, Hindi, Hungarian, Indonesian, Irish, Italian, Latvian, Lithuanian, Norwegian, Polish, Portuguese, Romanian, Russian, Spanish, Swedish, Thai, Turkish   [main]
2021-09-09 21:47:18,934 INFO  console: DCS context initialized [algorithms: [Bisecting K-Means, Lingo, STC], templates: [frontend-default, lingo, stc, bkmeans]]   [main]
2021-09-09 21:47:18,967 INFO  console: Service started on port 8080.   [main]
2021-09-09 21:47:18,970 INFO  console: The following contexts are available:
  |   http://localhost:8080/          DCS Root
  |   http://localhost:8080/doc       Documentation
  |   http://localhost:8080/frontend  End-user apps
  |   http://localhost:8080/javadoc   Java API Javadoc
  |   http://localhost:8080/service   REST API   [main]
2021-09-09 22:01:56,971 DEBUG console: Request resulted in an error BAD_REQUEST: /service/cluster   [T21]
org.carrot2.dcs.servlets.TerminateRequestException: Could not parse request body.
	at org.carrot2.dcs.servlets.ClusterServlet.parseRequest(ClusterServlet.java:215) ~[classes/:?]
	at org.carrot2.dcs.servlets.ClusterServlet.doPost(ClusterServlet.java:81) ~[classes/:?]
	at javax.servlet.http.HttpServlet.service(HttpServlet.java:707) ~[javax.servlet-api-3.1.0.jar:3.1.0]
	at org.carrot2.dcs.servlets.RestEndpoint.service(RestEndpoint.java:84) ~[classes/:?]
	at javax.servlet.http.HttpServlet.service(HttpServlet.java:790) ~[javax.servlet-api-3.1.0.jar:3.1.0]
	at org.eclipse.jetty.servlet.ServletHolder$NotAsync.service(ServletHolder.java:1450) ~[jetty-servlet-9.4.42.v20210604.jar:9.4.42.v20210604]
	at org.eclipse.jetty.servlet.ServletHolder.handle(ServletHolder.java:799) ~[jetty-servlet-9.4.42.v20210604.jar:9.4.42.v20210604]
	at org.eclipse.jetty.servlet.ServletHandler.doHandle(ServletHandler.java:550) ~[jetty-servlet-9.4.42.v20210604.jar:9.4.42.v20210604]
	at org.eclipse.jetty.server.handler.ScopedHandler.handle(ScopedHandler.java:143) ~[jetty-server-9.4.42.v20210604.jar:9.4.42.v20210604]
	at org.eclipse.jetty.security.SecurityHandler.handle(SecurityHandler.java:602) ~[jetty-security-9.4.42.v20210604.jar:9.4.42.v20210604]
	at org.eclipse.jetty.server.handler.HandlerWrapper.handle(HandlerWrapper.java:127) ~[jetty-server-9.4.42.v20210604.jar:9.4.42.v20210604]
	at org.eclipse.jetty.server.handler.ScopedHandler.nextHandle(ScopedHandler.java:235) ~[jetty-server-9.4.42.v20210604.jar:9.4.42.v20210604]
	at org.eclipse.jetty.server.session.SessionHandler.doHandle(SessionHandler.java:1624) ~[jetty-server-9.4.42.v20210604.jar:9.4.42.v20210604]
	at org.eclipse.jetty.server.handler.ScopedHandler.nextHandle(ScopedHandler.java:233) ~[jetty-server-9.4.42.v20210604.jar:9.4.42.v20210604]
	at org.eclipse.jetty.server.handler.ContextHandler.doHandle(ContextHandler.java:1435) ~[jetty-server-9.4.42.v20210604.jar:9.4.42.v20210604]
	at org.eclipse.jetty.server.handler.ScopedHandler.nextScope(ScopedHandler.java:188) ~[jetty-server-9.4.42.v20210604.jar:9.4.42.v20210604]
	at org.eclipse.jetty.servlet.ServletHandler.doScope(ServletHandler.java:501) ~[jetty-servlet-9.4.42.v20210604.jar:9.4.42.v20210604]
	at org.eclipse.jetty.server.session.SessionHandler.doScope(SessionHandler.java:1594) ~[jetty-server-9.4.42.v20210604.jar:9.4.42.v20210604]
	at org.eclipse.jetty.server.handler.ScopedHandler.nextScope(ScopedHandler.java:186) ~[jetty-server-9.4.42.v20210604.jar:9.4.42.v20210604]
	at org.eclipse.jetty.server.handler.ContextHandler.doScope(ContextHandler.java:1350) ~[jetty-server-9.4.42.v20210604.jar:9.4.42.v20210604]
	at org.eclipse.jetty.server.handler.ScopedHandler.handle(ScopedHandler.java:141) ~[jetty-server-9.4.42.v20210604.jar:9.4.42.v20210604]
	at org.eclipse.jetty.server.handler.ContextHandlerCollection.handle(ContextHandlerCollection.java:234) ~[jetty-server-9.4.42.v20210604.jar:9.4.42.v20210604]
	at org.eclipse.jetty.server.handler.gzip.GzipHandler.handle(GzipHandler.java:763) ~[jetty-server-9.4.42.v20210604.jar:9.4.42.v20210604]
	at org.eclipse.jetty.server.handler.HandlerList.handle(HandlerList.java:59) ~[jetty-server-9.4.42.v20210604.jar:9.4.42.v20210604]
	at org.eclipse.jetty.server.handler.HandlerWrapper.handle(HandlerWrapper.java:127) ~[jetty-server-9.4.42.v20210604.jar:9.4.42.v20210604]
	at org.eclipse.jetty.server.Server.handle(Server.java:516) ~[jetty-server-9.4.42.v20210604.jar:9.4.42.v20210604]
	at org.eclipse.jetty.server.HttpChannel.lambda$handle$1(HttpChannel.java:388) ~[jetty-server-9.4.42.v20210604.jar:9.4.42.v20210604]
	at org.eclipse.jetty.server.HttpChannel.dispatch(HttpChannel.java:633) ~[jetty-server-9.4.42.v20210604.jar:9.4.42.v20210604]
	at org.eclipse.jetty.server.HttpChannel.handle(HttpChannel.java:380) ~[jetty-server-9.4.42.v20210604.jar:9.4.42.v20210604]
	at org.eclipse.jetty.server.HttpConnection.onFillable(HttpConnection.java:277) ~[jetty-server-9.4.42.v20210604.jar:9.4.42.v20210604]
	at org.eclipse.jetty.io.AbstractConnection$ReadCallback.succeeded(AbstractConnection.java:311) ~[jetty-io-9.4.42.v20210604.jar:9.4.42.v20210604]
	at org.eclipse.jetty.io.FillInterest.fillable(FillInterest.java:105) ~[jetty-io-9.4.42.v20210604.jar:9.4.42.v20210604]
	at org.eclipse.jetty.io.ChannelEndPoint$1.run(ChannelEndPoint.java:104) ~[jetty-io-9.4.42.v20210604.jar:9.4.42.v20210604]
	at org.eclipse.jetty.util.thread.QueuedThreadPool.runJob(QueuedThreadPool.java:882) ~[jetty-util-9.4.42.v20210604.jar:9.4.42.v20210604]
	at org.eclipse.jetty.util.thread.QueuedThreadPool$Runner.run(QueuedThreadPool.java:1036) ~[jetty-util-9.4.42.v20210604.jar:9.4.42.v20210604]
	at org.carrot2.dcs.JettyContainer$3.lambda$newThread$0(JettyContainer.java:221) ~[dcs-launcher-4.3.1.jar:4.3.1 (5ee1bc852738bce97fe8be355720f5809fb4cdec, 2021-07-06T08:00+02:00)]
	at java.lang.Thread.run(Thread.java:829) [?:?]
Caused by: com.fasterxml.jackson.databind.exc.MismatchedInputException: No content to map due to end-of-input
 at [Source: (BufferedInputStream); line: 1, column: 0]
	at com.fasterxml.jackson.databind.exc.MismatchedInputException.from(MismatchedInputException.java:59) ~[jackson-databind-2.12.0.jar:2.12.0]
	at com.fasterxml.jackson.databind.DeserializationContext.reportInputMismatch(DeserializationContext.java:1603) ~[jackson-databind-2.12.0.jar:2.12.0]
	at com.fasterxml.jackson.databind.ObjectReader._initForReading(ObjectReader.java:358) ~[jackson-databind-2.12.0.jar:2.12.0]
	at com.fasterxml.jackson.databind.ObjectReader._bindAndClose(ObjectReader.java:2023) ~[jackson-databind-2.12.0.jar:2.12.0]
	at com.fasterxml.jackson.databind.ObjectReader.readValue(ObjectReader.java:1426) ~[jackson-databind-2.12.0.jar:2.12.0]
	at org.carrot2.dcs.servlets.ClusterServlet.parseRequest(ClusterServlet.java:213) ~[classes/:?]
	... 36 more
2021-09-09 22:06:34,992 DEBUG console: Request resulted in an error BAD_REQUEST: /service/cluster   [T19]
org.carrot2.dcs.servlets.TerminateRequestException: Could not parse request body.
	at org.carrot2.dcs.servlets.ClusterServlet.parseRequest(ClusterServlet.java:215) ~[classes/:?]
	at org.carrot2.dcs.servlets.ClusterServlet.doPost(ClusterServlet.java:81) ~[classes/:?]
	at javax.servlet.http.HttpServlet.service(HttpServlet.java:707) ~[javax.servlet-api-3.1.0.jar:3.1.0]
	at org.carrot2.dcs.servlets.RestEndpoint.service(RestEndpoint.java:84) ~[classes/:?]
	at javax.servlet.http.HttpServlet.service(HttpServlet.java:790) ~[javax.servlet-api-3.1.0.jar:3.1.0]
	at org.eclipse.jetty.servlet.ServletHolder$NotAsync.service(ServletHolder.java:1450) ~[jetty-servlet-9.4.42.v20210604.jar:9.4.42.v20210604]
	at org.eclipse.jetty.servlet.ServletHolder.handle(ServletHolder.java:799) ~[jetty-servlet-9.4.42.v20210604.jar:9.4.42.v20210604]
	at org.eclipse.jetty.servlet.ServletHandler.doHandle(ServletHandler.java:550) ~[jetty-servlet-9.4.42.v20210604.jar:9.4.42.v20210604]
	at org.eclipse.jetty.server.handler.ScopedHandler.handle(ScopedHandler.java:143) ~[jetty-server-9.4.42.v20210604.jar:9.4.42.v20210604]
	at org.eclipse.jetty.security.SecurityHandler.handle(SecurityHandler.java:602) ~[jetty-security-9.4.42.v20210604.jar:9.4.42.v20210604]
	at org.eclipse.jetty.server.handler.HandlerWrapper.handle(HandlerWrapper.java:127) ~[jetty-server-9.4.42.v20210604.jar:9.4.42.v20210604]
	at org.eclipse.jetty.server.handler.ScopedHandler.nextHandle(ScopedHandler.java:235) ~[jetty-server-9.4.42.v20210604.jar:9.4.42.v20210604]
	at org.eclipse.jetty.server.session.SessionHandler.doHandle(SessionHandler.java:1624) ~[jetty-server-9.4.42.v20210604.jar:9.4.42.v20210604]
	at org.eclipse.jetty.server.handler.ScopedHandler.nextHandle(ScopedHandler.java:233) ~[jetty-server-9.4.42.v20210604.jar:9.4.42.v20210604]
	at org.eclipse.jetty.server.handler.ContextHandler.doHandle(ContextHandler.java:1435) ~[jetty-server-9.4.42.v20210604.jar:9.4.42.v20210604]
	at org.eclipse.jetty.server.handler.ScopedHandler.nextScope(ScopedHandler.java:188) ~[jetty-server-9.4.42.v20210604.jar:9.4.42.v20210604]
	at org.eclipse.jetty.servlet.ServletHandler.doScope(ServletHandler.java:501) ~[jetty-servlet-9.4.42.v20210604.jar:9.4.42.v20210604]
	at org.eclipse.jetty.server.session.SessionHandler.doScope(SessionHandler.java:1594) ~[jetty-server-9.4.42.v20210604.jar:9.4.42.v20210604]
	at org.eclipse.jetty.server.handler.ScopedHandler.nextScope(ScopedHandler.java:186) ~[jetty-server-9.4.42.v20210604.jar:9.4.42.v20210604]
	at org.eclipse.jetty.server.handler.ContextHandler.doScope(ContextHandler.java:1350) ~[jetty-server-9.4.42.v20210604.jar:9.4.42.v20210604]
	at org.eclipse.jetty.server.handler.ScopedHandler.handle(ScopedHandler.java:141) ~[jetty-server-9.4.42.v20210604.jar:9.4.42.v20210604]
	at org.eclipse.jetty.server.handler.ContextHandlerCollection.handle(ContextHandlerCollection.java:234) ~[jetty-server-9.4.42.v20210604.jar:9.4.42.v20210604]
	at org.eclipse.jetty.server.handler.gzip.GzipHandler.handle(GzipHandler.java:763) ~[jetty-server-9.4.42.v20210604.jar:9.4.42.v20210604]
	at org.eclipse.jetty.server.handler.HandlerList.handle(HandlerList.java:59) ~[jetty-server-9.4.42.v20210604.jar:9.4.42.v20210604]
	at org.eclipse.jetty.server.handler.HandlerWrapper.handle(HandlerWrapper.java:127) ~[jetty-server-9.4.42.v20210604.jar:9.4.42.v20210604]
	at org.eclipse.jetty.server.Server.handle(Server.java:516) ~[jetty-server-9.4.42.v20210604.jar:9.4.42.v20210604]
	at org.eclipse.jetty.server.HttpChannel.lambda$handle$1(HttpChannel.java:388) ~[jetty-server-9.4.42.v20210604.jar:9.4.42.v20210604]
	at org.eclipse.jetty.server.HttpChannel.dispatch(HttpChannel.java:633) ~[jetty-server-9.4.42.v20210604.jar:9.4.42.v20210604]
	at org.eclipse.jetty.server.HttpChannel.handle(HttpChannel.java:380) ~[jetty-server-9.4.42.v20210604.jar:9.4.42.v20210604]
	at org.eclipse.jetty.server.HttpConnection.onFillable(HttpConnection.java:277) ~[jetty-server-9.4.42.v20210604.jar:9.4.42.v20210604]
	at org.eclipse.jetty.io.AbstractConnection$ReadCallback.succeeded(AbstractConnection.java:311) ~[jetty-io-9.4.42.v20210604.jar:9.4.42.v20210604]
	at org.eclipse.jetty.io.FillInterest.fillable(FillInterest.java:105) ~[jetty-io-9.4.42.v20210604.jar:9.4.42.v20210604]
	at org.eclipse.jetty.io.ChannelEndPoint$1.run(ChannelEndPoint.java:104) ~[jetty-io-9.4.42.v20210604.jar:9.4.42.v20210604]
	at org.eclipse.jetty.util.thread.QueuedThreadPool.runJob(QueuedThreadPool.java:882) ~[jetty-util-9.4.42.v20210604.jar:9.4.42.v20210604]
	at org.eclipse.jetty.util.thread.QueuedThreadPool$Runner.run(QueuedThreadPool.java:1036) ~[jetty-util-9.4.42.v20210604.jar:9.4.42.v20210604]
	at org.carrot2.dcs.JettyContainer$3.lambda$newThread$0(JettyContainer.java:221) ~[dcs-launcher-4.3.1.jar:4.3.1 (5ee1bc852738bce97fe8be355720f5809fb4cdec, 2021-07-06T08:00+02:00)]
	at java.lang.Thread.run(Thread.java:829) [?:?]
Caused by: com.fasterxml.jackson.databind.exc.MismatchedInputException: No content to map due to end-of-input
 at [Source: (BufferedInputStream); line: 1, column: 0]
	at com.fasterxml.jackson.databind.exc.MismatchedInputException.from(MismatchedInputException.java:59) ~[jackson-databind-2.12.0.jar:2.12.0]
	at com.fasterxml.jackson.databind.DeserializationContext.reportInputMismatch(DeserializationContext.java:1603) ~[jackson-databind-2.12.0.jar:2.12.0]
	at com.fasterxml.jackson.databind.ObjectReader._initForReading(ObjectReader.java:358) ~[jackson-databind-2.12.0.jar:2.12.0]
	at com.fasterxml.jackson.databind.ObjectReader._bindAndClose(ObjectReader.java:2023) ~[jackson-databind-2.12.0.jar:2.12.0]
	at com.fasterxml.jackson.databind.ObjectReader.readValue(ObjectReader.java:1426) ~[jackson-databind-2.12.0.jar:2.12.0]
	at org.carrot2.dcs.servlets.ClusterServlet.parseRequest(ClusterServlet.java:213) ~[classes/:?]
	... 36 more
2021-09-09 22:06:47,165 DEBUG console: Request resulted in an error BAD_REQUEST: /service/cluster   [T15]
org.carrot2.dcs.servlets.TerminateRequestException: Could not parse request body.
	at org.carrot2.dcs.servlets.ClusterServlet.parseRequest(ClusterServlet.java:215) ~[classes/:?]
	at org.carrot2.dcs.servlets.ClusterServlet.doPost(ClusterServlet.java:81) ~[classes/:?]
	at javax.servlet.http.HttpServlet.service(HttpServlet.java:707) ~[javax.servlet-api-3.1.0.jar:3.1.0]
	at org.carrot2.dcs.servlets.RestEndpoint.service(RestEndpoint.java:84) ~[classes/:?]
	at javax.servlet.http.HttpServlet.service(HttpServlet.java:790) ~[javax.servlet-api-3.1.0.jar:3.1.0]
	at org.eclipse.jetty.servlet.ServletHolder$NotAsync.service(ServletHolder.java:1450) ~[jetty-servlet-9.4.42.v20210604.jar:9.4.42.v20210604]
	at org.eclipse.jetty.servlet.ServletHolder.handle(ServletHolder.java:799) ~[jetty-servlet-9.4.42.v20210604.jar:9.4.42.v20210604]
	at org.eclipse.jetty.servlet.ServletHandler.doHandle(ServletHandler.java:550) ~[jetty-servlet-9.4.42.v20210604.jar:9.4.42.v20210604]
	at org.eclipse.jetty.server.handler.ScopedHandler.handle(ScopedHandler.java:143) ~[jetty-server-9.4.42.v20210604.jar:9.4.42.v20210604]
	at org.eclipse.jetty.security.SecurityHandler.handle(SecurityHandler.java:602) ~[jetty-security-9.4.42.v20210604.jar:9.4.42.v20210604]
	at org.eclipse.jetty.server.handler.HandlerWrapper.handle(HandlerWrapper.java:127) ~[jetty-server-9.4.42.v20210604.jar:9.4.42.v20210604]
	at org.eclipse.jetty.server.handler.ScopedHandler.nextHandle(ScopedHandler.java:235) ~[jetty-server-9.4.42.v20210604.jar:9.4.42.v20210604]
	at org.eclipse.jetty.server.session.SessionHandler.doHandle(SessionHandler.java:1624) ~[jetty-server-9.4.42.v20210604.jar:9.4.42.v20210604]
	at org.eclipse.jetty.server.handler.ScopedHandler.nextHandle(ScopedHandler.java:233) ~[jetty-server-9.4.42.v20210604.jar:9.4.42.v20210604]
	at org.eclipse.jetty.server.handler.ContextHandler.doHandle(ContextHandler.java:1435) ~[jetty-server-9.4.42.v20210604.jar:9.4.42.v20210604]
	at org.eclipse.jetty.server.handler.ScopedHandler.nextScope(ScopedHandler.java:188) ~[jetty-server-9.4.42.v20210604.jar:9.4.42.v20210604]
	at org.eclipse.jetty.servlet.ServletHandler.doScope(ServletHandler.java:501) ~[jetty-servlet-9.4.42.v20210604.jar:9.4.42.v20210604]
	at org.eclipse.jetty.server.session.SessionHandler.doScope(SessionHandler.java:1594) ~[jetty-server-9.4.42.v20210604.jar:9.4.42.v20210604]
	at org.eclipse.jetty.server.handler.ScopedHandler.nextScope(ScopedHandler.java:186) ~[jetty-server-9.4.42.v20210604.jar:9.4.42.v20210604]
	at org.eclipse.jetty.server.handler.ContextHandler.doScope(ContextHandler.java:1350) ~[jetty-server-9.4.42.v20210604.jar:9.4.42.v20210604]
	at org.eclipse.jetty.server.handler.ScopedHandler.handle(ScopedHandler.java:141) ~[jetty-server-9.4.42.v20210604.jar:9.4.42.v20210604]
	at org.eclipse.jetty.server.handler.ContextHandlerCollection.handle(ContextHandlerCollection.java:234) ~[jetty-server-9.4.42.v20210604.jar:9.4.42.v20210604]
	at org.eclipse.jetty.server.handler.gzip.GzipHandler.handle(GzipHandler.java:763) ~[jetty-server-9.4.42.v20210604.jar:9.4.42.v20210604]
	at org.eclipse.jetty.server.handler.HandlerList.handle(HandlerList.java:59) ~[jetty-server-9.4.42.v20210604.jar:9.4.42.v20210604]
	at org.eclipse.jetty.server.handler.HandlerWrapper.handle(HandlerWrapper.java:127) ~[jetty-server-9.4.42.v20210604.jar:9.4.42.v20210604]
	at org.eclipse.jetty.server.Server.handle(Server.java:516) ~[jetty-server-9.4.42.v20210604.jar:9.4.42.v20210604]
	at org.eclipse.jetty.server.HttpChannel.lambda$handle$1(HttpChannel.java:388) ~[jetty-server-9.4.42.v20210604.jar:9.4.42.v20210604]
	at org.eclipse.jetty.server.HttpChannel.dispatch(HttpChannel.java:633) ~[jetty-server-9.4.42.v20210604.jar:9.4.42.v20210604]
	at org.eclipse.jetty.server.HttpChannel.handle(HttpChannel.java:380) ~[jetty-server-9.4.42.v20210604.jar:9.4.42.v20210604]
	at org.eclipse.jetty.server.HttpConnection.onFillable(HttpConnection.java:277) ~[jetty-server-9.4.42.v20210604.jar:9.4.42.v20210604]
	at org.eclipse.jetty.io.AbstractConnection$ReadCallback.succeeded(AbstractConnection.java:311) ~[jetty-io-9.4.42.v20210604.jar:9.4.42.v20210604]
	at org.eclipse.jetty.io.FillInterest.fillable(FillInterest.java:105) ~[jetty-io-9.4.42.v20210604.jar:9.4.42.v20210604]
	at org.eclipse.jetty.io.ChannelEndPoint$1.run(ChannelEndPoint.java:104) ~[jetty-io-9.4.42.v20210604.jar:9.4.42.v20210604]
	at org.eclipse.jetty.util.thread.strategy.EatWhatYouKill.runTask(EatWhatYouKill.java:338) ~[jetty-util-9.4.42.v20210604.jar:9.4.42.v20210604]
	at org.eclipse.jetty.util.thread.strategy.EatWhatYouKill.doProduce(EatWhatYouKill.java:315) ~[jetty-util-9.4.42.v20210604.jar:9.4.42.v20210604]
	at org.eclipse.jetty.util.thread.strategy.EatWhatYouKill.tryProduce(EatWhatYouKill.java:173) ~[jetty-util-9.4.42.v20210604.jar:9.4.42.v20210604]
	at org.eclipse.jetty.util.thread.strategy.EatWhatYouKill.run(EatWhatYouKill.java:131) ~[jetty-util-9.4.42.v20210604.jar:9.4.42.v20210604]
	at org.eclipse.jetty.util.thread.ReservedThreadExecutor$ReservedThread.run(ReservedThreadExecutor.java:383) ~[jetty-util-9.4.42.v20210604.jar:9.4.42.v20210604]
	at org.eclipse.jetty.util.thread.QueuedThreadPool.runJob(QueuedThreadPool.java:882) ~[jetty-util-9.4.42.v20210604.jar:9.4.42.v20210604]
	at org.eclipse.jetty.util.thread.QueuedThreadPool$Runner.run(QueuedThreadPool.java:1036) ~[jetty-util-9.4.42.v20210604.jar:9.4.42.v20210604]
	at org.carrot2.dcs.JettyContainer$3.lambda$newThread$0(JettyContainer.java:221) ~[dcs-launcher-4.3.1.jar:4.3.1 (5ee1bc852738bce97fe8be355720f5809fb4cdec, 2021-07-06T08:00+02:00)]
	at java.lang.Thread.run(Thread.java:829) [?:?]
Caused by: com.fasterxml.jackson.databind.exc.MismatchedInputException: No content to map due to end-of-input
 at [Source: (BufferedInputStream); line: 1, column: 0]
	at com.fasterxml.jackson.databind.exc.MismatchedInputException.from(MismatchedInputException.java:59) ~[jackson-databind-2.12.0.jar:2.12.0]
	at com.fasterxml.jackson.databind.DeserializationContext.reportInputMismatch(DeserializationContext.java:1603) ~[jackson-databind-2.12.0.jar:2.12.0]
	at com.fasterxml.jackson.databind.ObjectReader._initForReading(ObjectReader.java:358) ~[jackson-databind-2.12.0.jar:2.12.0]
	at com.fasterxml.jackson.databind.ObjectReader._bindAndClose(ObjectReader.java:2023) ~[jackson-databind-2.12.0.jar:2.12.0]
	at com.fasterxml.jackson.databind.ObjectReader.readValue(ObjectReader.java:1426) ~[jackson-databind-2.12.0.jar:2.12.0]
	at org.carrot2.dcs.servlets.ClusterServlet.parseRequest(ClusterServlet.java:213) ~[classes/:?]
	... 41 more
2021-09-09 22:06:52,466 DEBUG console: Request resulted in an error BAD_REQUEST: /service/cluster   [T13]
org.carrot2.dcs.servlets.TerminateRequestException: Could not parse request body.
	at org.carrot2.dcs.servlets.ClusterServlet.parseRequest(ClusterServlet.java:215) ~[classes/:?]
	at org.carrot2.dcs.servlets.ClusterServlet.doPost(ClusterServlet.java:81) ~[classes/:?]
	at javax.servlet.http.HttpServlet.service(HttpServlet.java:707) ~[javax.servlet-api-3.1.0.jar:3.1.0]
	at org.carrot2.dcs.servlets.RestEndpoint.service(RestEndpoint.java:84) ~[classes/:?]
	at javax.servlet.http.HttpServlet.service(HttpServlet.java:790) ~[javax.servlet-api-3.1.0.jar:3.1.0]
	at org.eclipse.jetty.servlet.ServletHolder$NotAsync.service(ServletHolder.java:1450) ~[jetty-servlet-9.4.42.v20210604.jar:9.4.42.v20210604]
	at org.eclipse.jetty.servlet.ServletHolder.handle(ServletHolder.java:799) ~[jetty-servlet-9.4.42.v20210604.jar:9.4.42.v20210604]
	at org.eclipse.jetty.servlet.ServletHandler.doHandle(ServletHandler.java:550) ~[jetty-servlet-9.4.42.v20210604.jar:9.4.42.v20210604]
	at org.eclipse.jetty.server.handler.ScopedHandler.handle(ScopedHandler.java:143) ~[jetty-server-9.4.42.v20210604.jar:9.4.42.v20210604]
	at org.eclipse.jetty.security.SecurityHandler.handle(SecurityHandler.java:602) ~[jetty-security-9.4.42.v20210604.jar:9.4.42.v20210604]
	at org.eclipse.jetty.server.handler.HandlerWrapper.handle(HandlerWrapper.java:127) ~[jetty-server-9.4.42.v20210604.jar:9.4.42.v20210604]
	at org.eclipse.jetty.server.handler.ScopedHandler.nextHandle(ScopedHandler.java:235) ~[jetty-server-9.4.42.v20210604.jar:9.4.42.v20210604]
	at org.eclipse.jetty.server.session.SessionHandler.doHandle(SessionHandler.java:1624) ~[jetty-server-9.4.42.v20210604.jar:9.4.42.v20210604]
	at org.eclipse.jetty.server.handler.ScopedHandler.nextHandle(ScopedHandler.java:233) ~[jetty-server-9.4.42.v20210604.jar:9.4.42.v20210604]
	at org.eclipse.jetty.server.handler.ContextHandler.doHandle(ContextHandler.java:1435) ~[jetty-server-9.4.42.v20210604.jar:9.4.42.v20210604]
	at org.eclipse.jetty.server.handler.ScopedHandler.nextScope(ScopedHandler.java:188) ~[jetty-server-9.4.42.v20210604.jar:9.4.42.v20210604]
	at org.eclipse.jetty.servlet.ServletHandler.doScope(ServletHandler.java:501) ~[jetty-servlet-9.4.42.v20210604.jar:9.4.42.v20210604]
	at org.eclipse.jetty.server.session.SessionHandler.doScope(SessionHandler.java:1594) ~[jetty-server-9.4.42.v20210604.jar:9.4.42.v20210604]
	at org.eclipse.jetty.server.handler.ScopedHandler.nextScope(ScopedHandler.java:186) ~[jetty-server-9.4.42.v20210604.jar:9.4.42.v20210604]
	at org.eclipse.jetty.server.handler.ContextHandler.doScope(ContextHandler.java:1350) ~[jetty-server-9.4.42.v20210604.jar:9.4.42.v20210604]
	at org.eclipse.jetty.server.handler.ScopedHandler.handle(ScopedHandler.java:141) ~[jetty-server-9.4.42.v20210604.jar:9.4.42.v20210604]
	at org.eclipse.jetty.server.handler.ContextHandlerCollection.handle(ContextHandlerCollection.java:234) ~[jetty-server-9.4.42.v20210604.jar:9.4.42.v20210604]
	at org.eclipse.jetty.server.handler.gzip.GzipHandler.handle(GzipHandler.java:763) ~[jetty-server-9.4.42.v20210604.jar:9.4.42.v20210604]
	at org.eclipse.jetty.server.handler.HandlerList.handle(HandlerList.java:59) ~[jetty-server-9.4.42.v20210604.jar:9.4.42.v20210604]
	at org.eclipse.jetty.server.handler.HandlerWrapper.handle(HandlerWrapper.java:127) ~[jetty-server-9.4.42.v20210604.jar:9.4.42.v20210604]
	at org.eclipse.jetty.server.Server.handle(Server.java:516) ~[jetty-server-9.4.42.v20210604.jar:9.4.42.v20210604]
	at org.eclipse.jetty.server.HttpChannel.lambda$handle$1(HttpChannel.java:388) ~[jetty-server-9.4.42.v20210604.jar:9.4.42.v20210604]
	at org.eclipse.jetty.server.HttpChannel.dispatch(HttpChannel.java:633) ~[jetty-server-9.4.42.v20210604.jar:9.4.42.v20210604]
	at org.eclipse.jetty.server.HttpChannel.handle(HttpChannel.java:380) ~[jetty-server-9.4.42.v20210604.jar:9.4.42.v20210604]
	at org.eclipse.jetty.server.HttpConnection.onFillable(HttpConnection.java:277) ~[jetty-server-9.4.42.v20210604.jar:9.4.42.v20210604]
	at org.eclipse.jetty.io.AbstractConnection$ReadCallback.succeeded(AbstractConnection.java:311) ~[jetty-io-9.4.42.v20210604.jar:9.4.42.v20210604]
	at org.eclipse.jetty.io.FillInterest.fillable(FillInterest.java:105) ~[jetty-io-9.4.42.v20210604.jar:9.4.42.v20210604]
	at org.eclipse.jetty.io.ChannelEndPoint$1.run(ChannelEndPoint.java:104) ~[jetty-io-9.4.42.v20210604.jar:9.4.42.v20210604]
	at org.eclipse.jetty.util.thread.strategy.EatWhatYouKill.runTask(EatWhatYouKill.java:338) ~[jetty-util-9.4.42.v20210604.jar:9.4.42.v20210604]
	at org.eclipse.jetty.util.thread.strategy.EatWhatYouKill.doProduce(EatWhatYouKill.java:315) ~[jetty-util-9.4.42.v20210604.jar:9.4.42.v20210604]
	at org.eclipse.jetty.util.thread.strategy.EatWhatYouKill.tryProduce(EatWhatYouKill.java:173) ~[jetty-util-9.4.42.v20210604.jar:9.4.42.v20210604]
	at org.eclipse.jetty.util.thread.strategy.EatWhatYouKill.run(EatWhatYouKill.java:131) ~[jetty-util-9.4.42.v20210604.jar:9.4.42.v20210604]
	at org.eclipse.jetty.util.thread.ReservedThreadExecutor$ReservedThread.run(ReservedThreadExecutor.java:383) ~[jetty-util-9.4.42.v20210604.jar:9.4.42.v20210604]
	at org.eclipse.jetty.util.thread.QueuedThreadPool.runJob(QueuedThreadPool.java:882) ~[jetty-util-9.4.42.v20210604.jar:9.4.42.v20210604]
	at org.eclipse.jetty.util.thread.QueuedThreadPool$Runner.run(QueuedThreadPool.java:1036) ~[jetty-util-9.4.42.v20210604.jar:9.4.42.v20210604]
	at org.carrot2.dcs.JettyContainer$3.lambda$newThread$0(JettyContainer.java:221) ~[dcs-launcher-4.3.1.jar:4.3.1 (5ee1bc852738bce97fe8be355720f5809fb4cdec, 2021-07-06T08:00+02:00)]
	at java.lang.Thread.run(Thread.java:829) [?:?]
Caused by: com.fasterxml.jackson.databind.exc.MismatchedInputException: No content to map due to end-of-input
 at [Source: (BufferedInputStream); line: 1, column: 0]
	at com.fasterxml.jackson.databind.exc.MismatchedInputException.from(MismatchedInputException.java:59) ~[jackson-databind-2.12.0.jar:2.12.0]
	at com.fasterxml.jackson.databind.DeserializationContext.reportInputMismatch(DeserializationContext.java:1603) ~[jackson-databind-2.12.0.jar:2.12.0]
	at com.fasterxml.jackson.databind.ObjectReader._initForReading(ObjectReader.java:358) ~[jackson-databind-2.12.0.jar:2.12.0]
	at com.fasterxml.jackson.databind.ObjectReader._bindAndClose(ObjectReader.java:2023) ~[jackson-databind-2.12.0.jar:2.12.0]
	at com.fasterxml.jackson.databind.ObjectReader.readValue(ObjectReader.java:1426) ~[jackson-databind-2.12.0.jar:2.12.0]
	at org.carrot2.dcs.servlets.ClusterServlet.parseRequest(ClusterServlet.java:213) ~[classes/:?]
	... 41 more
