2021-09-09 21:41:26,875 DEBUG console: Deploying context 'frontend' at: /frontend.   [main]
2021-09-09 21:41:26,878 DEBUG console: Deploying context 'root' at: /.   [main]
2021-09-09 21:41:26,879 DEBUG console: Deploying context 'doc' at: /doc.   [main]
2021-09-09 21:41:26,879 DEBUG console: Deploying context 'service' at: /service.   [main]
2021-09-09 21:41:26,879 DEBUG console: Deploying context 'javadoc' at: /javadoc.   [main]
2021-09-09 21:41:27,285 DEBUG console: Will try to load language resources from context path: /service/resources/   [main]
2021-09-09 21:41:27,505 DEBUG console: Languages supported by algorithm 'Bisecting K-Means': Arabic, Armenian, Brazilian, Bulgarian, Croatian, Czech, Danish, Dutch, English, Estonian, Finnish, French, Galician, German, Greek, Hindi, Hungarian, Indonesian, Irish, Italian, Latvian, Lithuanian, Norwegian, Polish, Portuguese, Romanian, Russian, Spanish, Swedish, Thai, Turkish   [main]
2021-09-09 21:41:27,506 DEBUG console: Languages supported by algorithm 'Lingo': Arabic, Armenian, Brazilian, Bulgarian, Croatian, Czech, Danish, Dutch, English, Estonian, Finnish, French, Galician, German, Greek, Hindi, Hungarian, Indonesian, Irish, Italian, Latvian, Lithuanian, Norwegian, Polish, Portuguese, Romanian, Russian, Spanish, Swedish, Thai, Turkish   [main]
2021-09-09 21:41:27,506 DEBUG console: Languages supported by algorithm 'STC': Arabic, Armenian, Brazilian, Bulgarian, Croatian, Czech, Danish, Dutch, English, Estonian, Finnish, French, Galician, German, Greek, Hindi, Hungarian, Indonesian, Irish, Italian, Latvian, Lithuanian, Norwegian, Polish, Portuguese, Romanian, Russian, Spanish, Swedish, Thai, Turkish   [main]
2021-09-09 21:41:27,507 INFO  console: DCS context initialized [algorithms: [Bisecting K-Means, Lingo, STC], templates: [frontend-default, lingo, stc, bkmeans]]   [main]
2021-09-09 21:41:27,532 ERROR console: Server failed to start.   [main]
java.io.IOException: Failed to bind to 0.0.0.0/0.0.0.0:8080
	at org.eclipse.jetty.server.ServerConnector.openAcceptChannel(ServerConnector.java:349) ~[jetty-server-9.4.42.v20210604.jar:9.4.42.v20210604]
	at org.eclipse.jetty.server.ServerConnector.open(ServerConnector.java:310) ~[jetty-server-9.4.42.v20210604.jar:9.4.42.v20210604]
	at org.eclipse.jetty.server.AbstractNetworkConnector.doStart(AbstractNetworkConnector.java:80) ~[jetty-server-9.4.42.v20210604.jar:9.4.42.v20210604]
	at org.eclipse.jetty.server.ServerConnector.doStart(ServerConnector.java:234) ~[jetty-server-9.4.42.v20210604.jar:9.4.42.v20210604]
	at org.eclipse.jetty.util.component.AbstractLifeCycle.start(AbstractLifeCycle.java:73) [jetty-util-9.4.42.v20210604.jar:9.4.42.v20210604]
	at org.eclipse.jetty.server.Server.doStart(Server.java:401) ~[jetty-server-9.4.42.v20210604.jar:9.4.42.v20210604]
	at org.eclipse.jetty.util.component.AbstractLifeCycle.start(AbstractLifeCycle.java:73) [jetty-util-9.4.42.v20210604.jar:9.4.42.v20210604]
	at org.carrot2.dcs.JettyContainer.start(JettyContainer.java:72) [dcs-launcher-4.3.1.jar:4.3.1 (5ee1bc852738bce97fe8be355720f5809fb4cdec, 2021-07-06T08:00+02:00)]
	at org.carrot2.dcs.DcsLauncher.run(DcsLauncher.java:109) [dcs-launcher-4.3.1.jar:4.3.1 (5ee1bc852738bce97fe8be355720f5809fb4cdec, 2021-07-06T08:00+02:00)]
	at com.carrotsearch.console.launcher.Launcher.launchCommand(Launcher.java:174) [launcher-1.0.4.jar:1.0.4 (master/ee452cc6, 2019-10-14T14:00+02:00)]
	at com.carrotsearch.console.launcher.Launcher.runCommand(Launcher.java:112) [launcher-1.0.4.jar:1.0.4 (master/ee452cc6, 2019-10-14T14:00+02:00)]
	at com.carrotsearch.console.launcher.Launcher.main(Launcher.java:147) [launcher-1.0.4.jar:1.0.4 (master/ee452cc6, 2019-10-14T14:00+02:00)]
Caused by: java.net.BindException: Address already in use
	at sun.nio.ch.Net.bind0(Native Method) ~[?:?]
	at sun.nio.ch.Net.bind(Net.java:455) ~[?:?]
	at sun.nio.ch.Net.bind(Net.java:447) ~[?:?]
	at sun.nio.ch.ServerSocketChannelImpl.bind(ServerSocketChannelImpl.java:227) ~[?:?]
	at sun.nio.ch.ServerSocketAdaptor.bind(ServerSocketAdaptor.java:80) ~[?:?]
	at org.eclipse.jetty.server.ServerConnector.openAcceptChannel(ServerConnector.java:344) ~[jetty-server-9.4.42.v20210604.jar:9.4.42.v20210604]
	... 11 more
2021-09-09 21:41:27,542 INFO  console: Service stopping...   [main]
2021-09-09 21:41:27,554 INFO  console: Service stopped.   [main]
2021-09-09 21:41:27,554 ERROR console: Built-in HTTP server ended with an exception.   [main]
java.io.IOException: Failed to bind to 0.0.0.0/0.0.0.0:8080
	at org.eclipse.jetty.server.ServerConnector.openAcceptChannel(ServerConnector.java:349) ~[jetty-server-9.4.42.v20210604.jar:9.4.42.v20210604]
	at org.eclipse.jetty.server.ServerConnector.open(ServerConnector.java:310) ~[jetty-server-9.4.42.v20210604.jar:9.4.42.v20210604]
	at org.eclipse.jetty.server.AbstractNetworkConnector.doStart(AbstractNetworkConnector.java:80) ~[jetty-server-9.4.42.v20210604.jar:9.4.42.v20210604]
	at org.eclipse.jetty.server.ServerConnector.doStart(ServerConnector.java:234) ~[jetty-server-9.4.42.v20210604.jar:9.4.42.v20210604]
	at org.eclipse.jetty.util.component.AbstractLifeCycle.start(AbstractLifeCycle.java:73) ~[jetty-util-9.4.42.v20210604.jar:9.4.42.v20210604]
	at org.eclipse.jetty.server.Server.doStart(Server.java:401) ~[jetty-server-9.4.42.v20210604.jar:9.4.42.v20210604]
	at org.eclipse.jetty.util.component.AbstractLifeCycle.start(AbstractLifeCycle.java:73) ~[jetty-util-9.4.42.v20210604.jar:9.4.42.v20210604]
	at org.carrot2.dcs.JettyContainer.start(JettyContainer.java:72) ~[dcs-launcher-4.3.1.jar:4.3.1 (5ee1bc852738bce97fe8be355720f5809fb4cdec, 2021-07-06T08:00+02:00)]
	at org.carrot2.dcs.DcsLauncher.run(DcsLauncher.java:109) [dcs-launcher-4.3.1.jar:4.3.1 (5ee1bc852738bce97fe8be355720f5809fb4cdec, 2021-07-06T08:00+02:00)]
	at com.carrotsearch.console.launcher.Launcher.launchCommand(Launcher.java:174) [launcher-1.0.4.jar:1.0.4 (master/ee452cc6, 2019-10-14T14:00+02:00)]
	at com.carrotsearch.console.launcher.Launcher.runCommand(Launcher.java:112) [launcher-1.0.4.jar:1.0.4 (master/ee452cc6, 2019-10-14T14:00+02:00)]
	at com.carrotsearch.console.launcher.Launcher.main(Launcher.java:147) [launcher-1.0.4.jar:1.0.4 (master/ee452cc6, 2019-10-14T14:00+02:00)]
Caused by: java.net.BindException: Address already in use
	at sun.nio.ch.Net.bind0(Native Method) ~[?:?]
	at sun.nio.ch.Net.bind(Net.java:455) ~[?:?]
	at sun.nio.ch.Net.bind(Net.java:447) ~[?:?]
	at sun.nio.ch.ServerSocketChannelImpl.bind(ServerSocketChannelImpl.java:227) ~[?:?]
	at sun.nio.ch.ServerSocketAdaptor.bind(ServerSocketAdaptor.java:80) ~[?:?]
	at org.eclipse.jetty.server.ServerConnector.openAcceptChannel(ServerConnector.java:344) ~[jetty-server-9.4.42.v20210604.jar:9.4.42.v20210604]
	... 11 more
